time="2024-09-08T15:53:23+03:00" level=info msg="create logger" func="main.main()" file="app.go:24"
time="2024-09-08T15:53:23+03:00" level=info msg="read application configuration" func="rest-api-practice/internal/config.GetConfig.func1()" file="config.go:24"
time="2024-09-08T15:53:23+03:00" level=info msg="register user handler" func="main.main()" file="app.go:29"
time="2024-09-08T15:53:23+03:00" level=info msg="start application" func="main.start()" file="app.go:38"
time="2024-09-08T15:53:23+03:00" level=info msg="listen tcp" func="main.start()" file="app.go:55"
time="2024-09-08T15:53:23+03:00" level=info msg="server is listening on port 0.0.0.0:10000" func="main.start()" file="app.go:70"
time="2024-09-08T15:54:17+03:00" level=info msg="from GetList" func="rest-api-practice/internal/user.(*handler).GetList()" file="handler.go:38"
time="2024-09-08T15:55:45+03:00" level=info msg="create logger" func="main.main()" file="app.go:24"
time="2024-09-08T15:55:45+03:00" level=info msg="read application configuration" func="rest-api-practice/internal/config.GetConfig.func1()" file="config.go:24"
time="2024-09-08T15:55:45+03:00" level=info msg="register user handler" func="main.main()" file="app.go:29"
time="2024-09-08T15:55:45+03:00" level=info msg="start application" func="main.start()" file="app.go:38"
time="2024-09-08T15:55:45+03:00" level=info msg="create socket" func="main.start()" file="app.go:48"
time="2024-09-08T15:55:45+03:00" level=debug msg="socket path: C:\\Users\\dimon\\AppData\\Local\\JetBrains\\GoLand2024.1\\tmp\\GoLand/app.sock" func="main.start()" file="app.go:50"
time="2024-09-08T15:55:45+03:00" level=info msg="listen unix socket" func="main.start()" file="app.go:52"
time="2024-09-08T15:55:45+03:00" level=info msg="server is listening on port 0.0.0.0:8080" func="main.start()" file="app.go:70"
time="2024-09-08T15:56:36+03:00" level=info msg="create logger" func="main.main()" file="app.go:24"
time="2024-09-08T15:56:36+03:00" level=info msg="read application configuration" func="rest-api-practice/internal/config.GetConfig.func1()" file="config.go:24"
time="2024-09-08T15:56:36+03:00" level=info msg="register user handler" func="main.main()" file="app.go:29"
time="2024-09-08T15:56:36+03:00" level=info msg="start application" func="main.start()" file="app.go:38"
time="2024-09-08T15:56:36+03:00" level=info msg="create socket" func="main.start()" file="app.go:48"
time="2024-09-08T15:56:36+03:00" level=debug msg="socket path: C:\\Users\\dimon\\AppData\\Local\\JetBrains\\GoLand2024.1\\tmp\\GoLand/app.sock" func="main.start()" file="app.go:50"
time="2024-09-08T15:56:36+03:00" level=info msg="listen unix socket" func="main.start()" file="app.go:52"
time="2024-09-08T15:56:36+03:00" level=fatal msg="listen unix C:\\Users\\dimon\\AppData\\Local\\JetBrains\\GoLand2024.1\\tmp\\GoLand/app.sock: bind: Only one usage of each socket address (protocol/network address/port) is normally permitted." func="main.start()" file="app.go:61"
time="2024-09-08T15:58:10+03:00" level=info msg="create logger" func="main.main()" file="app.go:24"
time="2024-09-08T15:58:10+03:00" level=info msg="read application configuration" func="rest-api-practice/internal/config.GetConfig.func1()" file="config.go:24"
time="2024-09-08T15:58:10+03:00" level=info msg="register user handler" func="main.main()" file="app.go:29"
time="2024-09-08T15:58:10+03:00" level=info msg="start application" func="main.start()" file="app.go:38"
time="2024-09-08T15:58:10+03:00" level=info msg="create socket" func="main.start()" file="app.go:48"
time="2024-09-08T15:58:10+03:00" level=debug msg="socket path: C:\\Users\\dimon\\AppData\\Local\\JetBrains\\GoLand2024.1\\tmp\\GoLand/app.sock" func="main.start()" file="app.go:50"
time="2024-09-08T15:58:10+03:00" level=info msg="listen unix socket" func="main.start()" file="app.go:52"
time="2024-09-08T15:58:10+03:00" level=fatal msg="listen unix C:\\Users\\dimon\\AppData\\Local\\JetBrains\\GoLand2024.1\\tmp\\GoLand/app.sock: bind: Only one usage of each socket address (protocol/network address/port) is normally permitted." func="main.start()" file="app.go:61"
time="2024-09-08T16:00:48+03:00" level=info msg="create logger" func="main.main()" file="app.go:24"
time="2024-09-08T16:00:48+03:00" level=info msg="read application configuration" func="rest-api-practice/internal/config.GetConfig.func1()" file="config.go:24"
time="2024-09-08T16:00:48+03:00" level=info msg="register user handler" func="main.main()" file="app.go:29"
time="2024-09-08T16:00:48+03:00" level=info msg="start application" func="main.start()" file="app.go:38"
time="2024-09-08T16:00:48+03:00" level=info msg="create socket" func="main.start()" file="app.go:48"
time="2024-09-08T16:00:48+03:00" level=debug msg="socket path: C:\\Users\\dimon\\AppData\\Local\\JetBrains\\GoLand2024.1\\tmp\\GoLand/app.sock" func="main.start()" file="app.go:50"
time="2024-09-08T16:00:48+03:00" level=info msg="listen unix socket" func="main.start()" file="app.go:52"
time="2024-09-08T16:00:48+03:00" level=fatal msg="listen unix C:\\Users\\dimon\\AppData\\Local\\JetBrains\\GoLand2024.1\\tmp\\GoLand/app.sock: bind: Only one usage of each socket address (protocol/network address/port) is normally permitted." func="main.start()" file="app.go:61"
time="2024-09-08T16:04:05+03:00" level=info msg="create logger" func="main.main()" file="app.go:24"
time="2024-09-08T16:04:05+03:00" level=info msg="read application configuration" func="rest-api-practice/internal/config.GetConfig.func1()" file="config.go:24"
time="2024-09-08T16:04:05+03:00" level=info msg="register user handler" func="main.main()" file="app.go:29"
time="2024-09-08T16:04:05+03:00" level=info msg="start application" func="main.start()" file="app.go:38"
time="2024-09-08T16:04:05+03:00" level=info msg="detect app path" func="main.start()" file="app.go:44"
time="2024-09-08T16:04:05+03:00" level=info msg="create socket" func="main.start()" file="app.go:49"
time="2024-09-08T16:04:05+03:00" level=info msg="listen unix socket" func="main.start()" file="app.go:52"
time="2024-09-08T16:04:05+03:00" level=info msg="server is listening unix socket: C:\\Users\\dimon\\AppData\\Local\\JetBrains\\GoLand2024.1\\tmp\\GoLand/app.sock" func="main.start()" file="app.go:54"
time="2024-09-08T16:04:05+03:00" level=fatal msg="listen unix C:\\Users\\dimon\\AppData\\Local\\JetBrains\\GoLand2024.1\\tmp\\GoLand/app.sock: bind: Only one usage of each socket address (protocol/network address/port) is normally permitted." func="main.start()" file="app.go:62"
time="2024-09-08T16:05:40+03:00" level=info msg="create logger" func="main.main()" file="app.go:24"
time="2024-09-08T16:05:40+03:00" level=info msg="read application configuration" func="rest-api-practice/internal/config.GetConfig.func1()" file="config.go:24"
time="2024-09-08T16:05:40+03:00" level=info msg="register user handler" func="main.main()" file="app.go:29"
time="2024-09-08T16:05:40+03:00" level=info msg="start application" func="main.start()" file="app.go:38"
time="2024-09-08T16:05:40+03:00" level=info msg="detect app path" func="main.start()" file="app.go:44"
time="2024-09-08T16:05:40+03:00" level=info msg="create socket" func="main.start()" file="app.go:51"
time="2024-09-08T16:05:40+03:00" level=info msg="removing existing socket file" func="main.start()" file="app.go:55"
time="2024-09-08T16:05:40+03:00" level=info msg="listen unix socket" func="main.start()" file="app.go:61"
time="2024-09-08T16:05:40+03:00" level=info msg="server is listening unix socket: C:\\Users\\dimon\\AppData\\Local\\JetBrains\\GoLand2024.1\\tmp\\GoLand/app.sock" func="main.start()" file="app.go:63"
time="2024-09-08T16:07:43+03:00" level=info msg="create logger" func="main.main()" file="app.go:24"
time="2024-09-08T16:07:43+03:00" level=info msg="read application configuration" func="rest-api-practice/internal/config.GetConfig.func1()" file="config.go:24"
time="2024-09-08T16:07:43+03:00" level=info msg="register user handler" func="main.main()" file="app.go:29"
time="2024-09-08T16:07:43+03:00" level=info msg="start application" func="main.start()" file="app.go:38"
time="2024-09-08T16:07:43+03:00" level=info msg="detect app path" func="main.start()" file="app.go:44"
time="2024-09-08T16:07:43+03:00" level=info msg="create socket" func="main.start()" file="app.go:51"
time="2024-09-08T16:07:43+03:00" level=info msg="listen unix socket" func="main.start()" file="app.go:61"
time="2024-09-08T16:07:43+03:00" level=info msg="server is listening unix socket: C:\\Users\\dimon\\GolandProjects\\rest-api-practice/app.sock" func="main.start()" file="app.go:63"
time="2024-09-08T16:11:22+03:00" level=info msg="create logger" func="main.main()" file="app.go:24"
time="2024-09-08T16:11:22+03:00" level=info msg="read application configuration" func="rest-api-practice/internal/config.GetConfig.func1()" file="config.go:24"
time="2024-09-08T16:11:22+03:00" level=info msg="register user handler" func="main.main()" file="app.go:29"
time="2024-09-08T16:11:22+03:00" level=info msg="start application" func="main.start()" file="app.go:38"
time="2024-09-08T16:11:22+03:00" level=info msg="detect app path" func="main.start()" file="app.go:44"
time="2024-09-08T16:11:22+03:00" level=info msg="create socket" func="main.start()" file="app.go:51"
time="2024-09-08T16:11:22+03:00" level=info msg="listen unix socket" func="main.start()" file="app.go:61"
time="2024-09-08T16:11:22+03:00" level=info msg="server is listening unix socket: C:\\Users\\dimon\\GolandProjects\\rest-api-practice\\build/app.sock" func="main.start()" file="app.go:63"
